<?xml version="1.0" encoding="UTF-8"?>
<!-- Generated by org.testng.reporters.JUnitReportReporter -->
<testsuite hostname="DESKTOP-LF8D4KF" failures="1" tests="3" name="com.orangehrm.test.DBVerificationTest" time="311.663" errors="0" timestamp="2026-03-27T13:07:21 IST" skipped="2">
  <testcase classname="com.orangehrm.test.DBVerificationTest" name="verifyEmployeeNameVerificationFromDB" time="172.346">
    <skipped/>
  </testcase> <!-- verifyEmployeeNameVerificationFromDB -->
  <system-out/>
  <testcase classname="com.orangehrm.test.DBVerificationTest" name="verifyEmployeeNameVerificationFromDB" time="69.344">
    <skipped/>
  </testcase> <!-- verifyEmployeeNameVerificationFromDB -->
  <system-out/>
  <testcase classname="com.orangehrm.test.DBVerificationTest" name="verifyEmployeeNameVerificationFromDB" time="69.973">
    <failure message="Last name are not matched expected [true] but found [false]" type="java.lang.AssertionError">
      <![CDATA[java.lang.AssertionError: Last name are not matched expected [true] but found [false]
at org.testng.Assert.fail(Assert.java:99)
at org.testng.Assert.failNotEquals(Assert.java:1037)
at org.testng.Assert.assertTrue(Assert.java:45)
at com.orangehrm.test.DBVerificationTest.verifyEmployeeNameVerificationFromDB(DBVerificationTest.java:60)
at java.base/jdk.internal.reflect.DirectMethodHandleAccessor.invoke(DirectMethodHandleAccessor.java:103)
at java.base/java.lang.reflect.Method.invoke(Method.java:580)
at org.testng.internal.MethodInvocationHelper.invokeMethod(MethodInvocationHelper.java:133)
at org.testng.internal.TestInvoker.invokeMethod(TestInvoker.java:598)
at org.testng.internal.TestInvoker.retryFailed(TestInvoker.java:213)
at org.testng.internal.MethodRunner.runInSequence(MethodRunner.java:58)
at org.testng.internal.TestInvoker$MethodInvocationAgent.invoke(TestInvoker.java:824)
at org.testng.internal.TestInvoker.invokeTestMethods(TestInvoker.java:146)
at org.testng.internal.TestMethodWorker.invokeTestMethods(TestMethodWorker.java:146)
at org.testng.internal.TestMethodWorker.run(TestMethodWorker.java:128)
at java.base/java.util.concurrent.ThreadPoolExecutor.runWorker(ThreadPoolExecutor.java:1144)
at java.base/java.util.concurrent.ThreadPoolExecutor$Worker.run(ThreadPoolExecutor.java:642)
at java.base/java.lang.Thread.run(Thread.java:1583)
]]>
    </failure>
  </testcase> <!-- verifyEmployeeNameVerificationFromDB -->
  <system-out/>
</testsuite> <!-- com.orangehrm.test.DBVerificationTest -->
