<?xml version="1.0" encoding="UTF-8"?>
<!-- Generated by org.testng.reporters.JUnitReportReporter -->
<testsuite hostname="DESKTOP-LF8D4KF" failures="1" tests="3" name="com.orangehrm.test.ApiTest" time="7.840" errors="0" timestamp="2026-03-25T14:42:40 IST" skipped="2">
  <testcase classname="com.orangehrm.test.ApiTest" name="verifyGetUserAPI" time="0.920">
    <skipped/>
  </testcase> <!-- verifyGetUserAPI -->
  <system-out/>
  <testcase classname="com.orangehrm.test.ApiTest" name="verifyGetUserAPI" time="4.711">
    <skipped/>
  </testcase> <!-- verifyGetUserAPI -->
  <system-out/>
  <testcase classname="com.orangehrm.test.ApiTest" name="verifyGetUserAPI" time="2.209">
    <failure message="The following asserts failed:
	Status code is not as expected expected [true] but found [false]" type="java.lang.AssertionError">
      <![CDATA[java.lang.AssertionError: The following asserts failed:
Status code is not as expected expected [true] but found [false]
at org.testng.asserts.SoftAssert.assertAll(SoftAssert.java:47)
at org.testng.asserts.SoftAssert.assertAll(SoftAssert.java:31)
at com.orangehrm.test.ApiTest.verifyGetUserAPI(ApiTest.java:68)
at java.base/jdk.internal.reflect.DirectMethodHandleAccessor.invoke(DirectMethodHandleAccessor.java:103)
at java.base/java.lang.reflect.Method.invoke(Method.java:580)
at org.testng.internal.MethodInvocationHelper.invokeMethod(MethodInvocationHelper.java:133)
at org.testng.internal.TestInvoker.invokeMethod(TestInvoker.java:598)
at org.testng.internal.TestInvoker.retryFailed(TestInvoker.java:213)
at org.testng.internal.MethodRunner.runInSequence(MethodRunner.java:58)
at org.testng.internal.TestInvoker$MethodInvocationAgent.invoke(TestInvoker.java:824)
at org.testng.internal.TestInvoker.invokeTestMethods(TestInvoker.java:146)
at org.testng.internal.TestMethodWorker.invokeTestMethods(TestMethodWorker.java:146)
at org.testng.internal.TestMethodWorker.run(TestMethodWorker.java:128)
at java.base/java.util.concurrent.ThreadPoolExecutor.runWorker(ThreadPoolExecutor.java:1144)
at java.base/java.util.concurrent.ThreadPoolExecutor$Worker.run(ThreadPoolExecutor.java:642)
at java.base/java.lang.Thread.run(Thread.java:1583)
]]>
    </failure>
  </testcase> <!-- verifyGetUserAPI -->
  <system-out/>
</testsuite> <!-- com.orangehrm.test.ApiTest -->
