<?xml version="1.0" encoding="UTF-8"?>
<!-- Generated by org.testng.reporters.JUnitReportReporter -->
<testsuite hostname="DESKTOP-LF8D4KF" failures="0" tests="3" name="com.orangehrm.test.HomePageTest" time="123.929" errors="0" timestamp="2026-03-23T16:50:28 IST" skipped="0">
  <testcase classname="com.orangehrm.test.HomePageTest" name="verifyOrangeHRMLogo" time="49.976"/>
  <system-out/>
  <testcase classname="com.orangehrm.test.HomePageTest" name="verifyOrangeHRMLogo" time="37.393"/>
  <system-out/>
  <testcase classname="com.orangehrm.test.HomePageTest" name="verifyOrangeHRMLogo" time="36.560"/>
  <system-out/>
</testsuite> <!-- com.orangehrm.test.HomePageTest -->
