<?xml version="1.0" encoding="UTF-8"?>
<!-- Generated by org.testng.reporters.JUnitXMLReporter -->
<testsuite ignored="0" hostname="DESKTOP-LF8D4KF" failures="1" tests="11" name="OrangeHRMTest" time="313.246" errors="0" timestamp="2026-03-27T13:07:20 IST">
  <testcase classname="com.orangehrm.test.ApiTest" name="verifyGetUserAPI" time="5.068"/>
  <testcase classname="com.orangehrm.test.LoginPageTest" name="main1" time="0.002"/>
  <testcase classname="com.orangehrm.test.DummyClass" name="dummyclass" time="0.269"/>
  <testcase classname="com.orangehrm.test.LoginPageTest" name="verifyInvalidLoginTest" time="5.177"/>
  <testcase classname="com.orangehrm.test.HomePageTest" name="verifyOrangeHRMLogo" time="37.021"/>
  <testcase classname="com.orangehrm.test.LoginPageTest" name="verifyValidLoginTest" time="46.647"/>
  <testcase classname="com.orangehrm.test.HomePageTest" name="verifyOrangeHRMLogo" time="24.553"/>
  <testcase classname="com.orangehrm.test.DBVerificationTest" name="verifyEmployeeNameVerificationFromDB" time="82.342">
    <skipped/>
  </testcase> <!-- verifyEmployeeNameVerificationFromDB -->
  <testcase classname="com.orangehrm.test.LoginPageTest" name="verifyValidLoginTest" time="46.098"/>
  <testcase classname="com.orangehrm.test.DBVerificationTest" name="verifyEmployeeNameVerificationFromDB" time="67.217">
    <skipped/>
  </testcase> <!-- verifyEmployeeNameVerificationFromDB -->
  <testcase classname="com.orangehrm.test.DBVerificationTest" name="verifyEmployeeNameVerificationFromDB" time="67.524">
    <failure type="java.lang.AssertionError" message="Last name are not matched expected [true] but found [false]">
      <![CDATA[java.lang.AssertionError: Last name are not matched expected [true] but found [false]
at com.orangehrm.test.DBVerificationTest.verifyEmployeeNameVerificationFromDB(DBVerificationTest.java:60)
at java.base/java.util.concurrent.ThreadPoolExecutor.runWorker(ThreadPoolExecutor.java:1144)
at java.base/java.util.concurrent.ThreadPoolExecutor$Worker.run(ThreadPoolExecutor.java:642)
at java.base/java.lang.Thread.run(Thread.java:1583)
... Removed 13 stack frames]]>
    </failure>
  </testcase> <!-- verifyEmployeeNameVerificationFromDB -->
</testsuite> <!-- OrangeHRMTest -->
