<?xml version="1.0" encoding="UTF-8"?>
<!-- Generated by org.testng.reporters.JUnitXMLReporter -->
<testsuite ignored="0" hostname="DESKTOP-LF8D4KF" failures="3" tests="9" name="OrangeHRMTest" time="981.2" errors="0" timestamp="2026-03-17T12:54:35 IST">
  <testcase classname="com.orangehrm.base.BaseClass" name="@BeforeMethod setupBrowser" time="180.883">
    <failure type="org.openqa.selenium.TimeoutException" message="java.util.concurrent.TimeoutException
Build info: version: &amp;apos;4.40.0&amp;apos;, revision: &amp;apos;b3333f1&amp;apos;
System info: os.name: &amp;apos;Windows 11&amp;apos;, os.arch: &amp;apos;amd64&amp;apos;, os.version: &amp;apos;10.0&amp;apos;, java.version: &amp;apos;21.0.5&amp;apos;
Driver info: org.openqa.selenium.chrome.ChromeDriver
Command: [765917d7bde95ddb424cffe0952148f6, get {url=https://opensource-demo.orangehrmlive.com/web/index.php/auth/login}]
Capabilities {acceptInsecureCerts: false, browserName: chrome, browserVersion: 132.0.6834.160, chrome: {chromedriverVersion: 132.0.6834.159 (2d77d3fc445..., userDataDir: C:\Users\DELL\AppData\Local...}, fedcm:accounts: true, goog:chromeOptions: {debuggerAddress: localhost:65279}, networkConnectionEnabled: false, pageLoadStrategy: normal, platformName: windows, proxy: Proxy(), se:cdp: ws://localhost:65279/devtoo..., se:cdpVersion: 132.0.6834.160, setWindowRect: true, strictFileInteractability: false, timeouts: {implicit: 0, pageLoad: 300000, script: 30000}, unhandledPromptBehavior: dismiss and notify, webauthn:extension:credBlob: true, webauthn:extension:largeBlob: true, webauthn:extension:minPinLength: true, webauthn:extension:prf: true, webauthn:virtualAuthenticators: true}
Session ID: 765917d7bde95ddb424cffe0952148f6">
      <![CDATA[org.openqa.selenium.TimeoutException: java.util.concurrent.TimeoutException
Build info: version: '4.40.0', revision: 'b3333f1'
System info: os.name: 'Windows 11', os.arch: 'amd64', os.version: '10.0', java.version: '21.0.5'
Driver info: org.openqa.selenium.chrome.ChromeDriver
Command: [765917d7bde95ddb424cffe0952148f6, get {url=https://opensource-demo.orangehrmlive.com/web/index.php/auth/login}]
Capabilities {acceptInsecureCerts: false, browserName: chrome, browserVersion: 132.0.6834.160, chrome: {chromedriverVersion: 132.0.6834.159 (2d77d3fc445..., userDataDir: C:\Users\DELL\AppData\Local...}, fedcm:accounts: true, goog:chromeOptions: {debuggerAddress: localhost:65279}, networkConnectionEnabled: false, pageLoadStrategy: normal, platformName: windows, proxy: Proxy(), se:cdp: ws://localhost:65279/devtoo..., se:cdpVersion: 132.0.6834.160, setWindowRect: true, strictFileInteractability: false, timeouts: {implicit: 0, pageLoad: 300000, script: 30000}, unhandledPromptBehavior: dismiss and notify, webauthn:extension:credBlob: true, webauthn:extension:largeBlob: true, webauthn:extension:minPinLength: true, webauthn:extension:prf: true, webauthn:virtualAuthenticators: true}
Session ID: 765917d7bde95ddb424cffe0952148f6
at org.openqa.selenium.remote.http.jdk.JdkHttpClient.execute(JdkHttpClient.java:428)
at org.openqa.selenium.remote.HttpCommandExecutor.execute(HttpCommandExecutor.java:220)
at org.openqa.selenium.remote.service.DriverCommandExecutor.invokeExecute(DriverCommandExecutor.java:216)
at org.openqa.selenium.remote.service.DriverCommandExecutor.execute(DriverCommandExecutor.java:174)
at org.openqa.selenium.remote.RemoteWebDriver.execute(RemoteWebDriver.java:601)
at org.openqa.selenium.remote.RemoteWebDriver.get(RemoteWebDriver.java:369)
at com.orangehrm.base.BaseClass.setupBrowser(BaseClass.java:96)
at java.base/java.util.concurrent.ThreadPoolExecutor.runWorker(ThreadPoolExecutor.java:1144)
at java.base/java.util.concurrent.ThreadPoolExecutor$Worker.run(ThreadPoolExecutor.java:642)
at java.base/java.lang.Thread.run(Thread.java:1583)
Caused by: java.util.concurrent.TimeoutException
at java.base/java.util.concurrent.CompletableFuture$Timeout.run(CompletableFuture.java:2920)
at java.base/java.util.concurrent.Executors$RunnableAdapter.call(Executors.java:572)
at java.base/java.util.concurrent.FutureTask.run(FutureTask.java:317)
at java.base/java.util.concurrent.ScheduledThreadPoolExecutor$ScheduledFutureTask.run(ScheduledThreadPoolExecutor.java:304)
... 3 more
... Removed 14 stack frames]]>
    </failure>
  </testcase> <!-- @BeforeMethod setupBrowser -->
  <testcase classname="com.orangehrm.test.LoginPageTest" name="@BeforeMethod setupPages" time="-1.773731844487E9">
    <skipped/>
  </testcase> <!-- @BeforeMethod setupPages -->
  <testcase classname="com.orangehrm.base.BaseClass" name="@AfterMethod tearDown" time="-1.773731844487E9">
    <skipped/>
  </testcase> <!-- @AfterMethod tearDown -->
  <testcase classname="com.orangehrm.base.BaseClass" name="@BeforeMethod setupBrowser" time="-1.773731844487E9">
    <skipped/>
  </testcase> <!-- @BeforeMethod setupBrowser -->
  <testcase classname="com.orangehrm.test.LoginPageTest" name="@BeforeMethod setupPages" time="-1.773731844487E9">
    <skipped/>
  </testcase> <!-- @BeforeMethod setupPages -->
  <testcase classname="com.orangehrm.base.BaseClass" name="@AfterMethod tearDown" time="-1.773731844503E9">
    <skipped/>
  </testcase> <!-- @AfterMethod tearDown -->
  <testcase classname="com.orangehrm.test.DummyClass" name="dummyclass" time="90.607"/>
  <testcase classname="com.orangehrm.test.LoginPageTest" name="main1" time="0.011"/>
  <testcase classname="com.orangehrm.test.LoginPageTest" name="verifyInvalidLoginTest" time="17.459">
    <failure type="java.lang.AssertionError" message="Test failed: Invalid Error Message expected [true] but found [false]">
      <![CDATA[java.lang.AssertionError: Test failed: Invalid Error Message expected [true] but found [false]
at com.orangehrm.test.LoginPageTest.verifyInvalidLoginTest(LoginPageTest.java:46)
at java.base/java.util.concurrent.ThreadPoolExecutor.runWorker(ThreadPoolExecutor.java:1144)
at java.base/java.util.concurrent.ThreadPoolExecutor$Worker.run(ThreadPoolExecutor.java:642)
at java.base/java.lang.Thread.run(Thread.java:1583)
... Removed 13 stack frames]]>
    </failure>
  </testcase> <!-- verifyInvalidLoginTest -->
  <testcase classname="com.orangehrm.test.LoginPageTest" name="verifyValidLoginTest" time="30.601"/>
  <testcase classname="com.orangehrm.test.HomePageTest" name="verifyOrangeHRMLogo" time="292.208">
    <failure type="java.lang.AssertionError" message="Logo is not visible expected [true] but found [false]">
      <![CDATA[java.lang.AssertionError: Logo is not visible expected [true] but found [false]
at com.orangehrm.test.HomePageTest.verifyOrangeHRMLogo(HomePageTest.java:31)
at java.base/java.util.concurrent.ThreadPoolExecutor.runWorker(ThreadPoolExecutor.java:1144)
at java.base/java.util.concurrent.ThreadPoolExecutor$Worker.run(ThreadPoolExecutor.java:642)
at java.base/java.lang.Thread.run(Thread.java:1583)
... Removed 13 stack frames]]>
    </failure>
  </testcase> <!-- verifyOrangeHRMLogo -->
  <testcase classname="com.orangehrm.test.LoginPageTest" name="verifyValidLoginTest" time="0.0">
    <skipped/>
  </testcase> <!-- verifyValidLoginTest -->
  <testcase classname="com.orangehrm.test.LoginPageTest" name="verifyValidLoginTest" time="0.0">
    <skipped/>
  </testcase> <!-- verifyValidLoginTest -->
  <testcase classname="com.orangehrm.test.HomePageTest" name="verifyOrangeHRMLogo" time="26.202"/>
  <testcase classname="com.orangehrm.test.HomePageTest" name="verifyOrangeHRMLogo" time="292.323">
    <failure type="java.lang.AssertionError" message="Logo is not visible expected [true] but found [false]">
      <![CDATA[java.lang.AssertionError: Logo is not visible expected [true] but found [false]
at com.orangehrm.test.HomePageTest.verifyOrangeHRMLogo(HomePageTest.java:31)
at java.base/java.util.concurrent.ThreadPoolExecutor.runWorker(ThreadPoolExecutor.java:1144)
at java.base/java.util.concurrent.ThreadPoolExecutor$Worker.run(ThreadPoolExecutor.java:642)
at java.base/java.lang.Thread.run(Thread.java:1583)
... Removed 13 stack frames]]>
    </failure>
  </testcase> <!-- verifyOrangeHRMLogo -->
</testsuite> <!-- OrangeHRMTest -->
